<?xml version="1.0" encoding="UTF-8"?>
<!-- Generated by org.testng.reporters.JUnitReportReporter -->
<testsuite hostname="DF-202111-070" failures="0" tests="3" name="com.mSignal.testcases.LoginPageTest" time="26.718" errors="0" timestamp="2023-05-23T17:25:18 IST" skipped="0">
  <testcase classname="com.mSignal.testcases.LoginPageTest" name="loginPageTitleTest" time="13.028"/>
  <system-out/>
  <testcase classname="com.mSignal.testcases.LoginPageTest" name="mSignalLogoImageTest" time="6.554"/>
  <system-out/>
  <testcase classname="com.mSignal.testcases.LoginPageTest" name="LoginTest" time="7.136"/>
  <system-out/>
</testsuite> <!-- com.mSignal.testcases.LoginPageTest -->
