<?xml version="1.0" encoding="UTF-8"?>
<!-- Generated by org.testng.reporters.JUnitReportReporter -->
<testsuite hostname="DF-202111-070" failures="0" tests="3" name="com.mSignal.testcases.ProjectListTest" time="109.954" errors="0" timestamp="2023-06-13T19:59:05 IST" skipped="0">
  <testcase classname="com.mSignal.testcases.ProjectListTest" name="verifyProjectPageTab" time="12.808"/>
  <system-out/>
  <testcase classname="com.mSignal.testcases.ProjectListTest" name="VerifyProjectID" time="19.842"/>
  <system-out/>
  <testcase classname="com.mSignal.testcases.ProjectListTest" name="verifyCreateProjectBtnClick" time="77.304"/>
  <system-out/>
</testsuite> <!-- com.mSignal.testcases.ProjectListTest -->
