<?xml version="1.0" encoding="UTF-8"?>
<!-- Generated by org.testng.reporters.JUnitReportReporter -->
<testsuite hostname="DF-202111-070" failures="0" tests="3" name="com.mSignal.testcases.HomePageTest" time="24.205" errors="0" timestamp="2023-05-23T17:25:18 IST" skipped="0">
  <testcase classname="com.mSignal.testcases.HomePageTest" name="verifyHomePageTitleTest" time="7.155"/>
  <system-out/>
  <testcase classname="com.mSignal.testcases.HomePageTest" name="verifyUserNameTest" time="8.311"/>
  <system-out/>
  <testcase classname="com.mSignal.testcases.HomePageTest" name="VerifyProjectLinkTest" time="8.739"/>
  <system-out/>
</testsuite> <!-- com.mSignal.testcases.HomePageTest -->
